Initalize PyAudio
----------------------record device list---------------------
Input Device id 0 - MacBook Air Microphone
Input Device id 2 - Virtual Desktop Mic
Input Device id 3 - Virtual Desktop Speakers
-------------------------------------------------------------
Open audio stream on index 0
Initalize WakewordModel
Initalize WhisperModel
Wakeword Detected!
cuz why not
Initalize PyAudio
----------------------record device list---------------------
Input Device id 0 - MacBook Air Microphone
Input Device id 2 - Virtual Desktop Mic
Input Device id 3 - Virtual Desktop Speakers
-------------------------------------------------------------
Open audio stream on index 0
Initalize WakewordModel
Initalize WhisperModel
Waiting for wakeword
Waiting for wakeword
Waiting for wakeword
Waiting for wakeword
Waiting for wakeword
Waiting for wakeword
Waiting for wakeword
Waiting for wakeword
Waiting for wakeword
Waiting for wakeword
Waiting for wakeword
Waiting for wakeword
Waiting for wakeword
Waiting for wakeword
Waiting for wakeword
Waiting for wakeword
Waiting for wakeword
Waiting for wakeword
Waiting for wakeword
Waiting for wakeword
Waiting for wakeword
Waiting for wakeword
Waiting for wakeword
Waiting for wakeword
Waiting for wakeword
Waiting for wakeword
Waiting for wakeword
Waiting for wakeword
Waiting for wakeword
Waiting for wakeword
Waiting for wakeword
Waiting for wakeword
Waiting for wakeword
Waiting for wakeword
Waiting for wakeword
Waiting for wakeword
Waiting for wakeword
Waiting for wakeword
Waiting for wakeword
Waiting for wakeword
Waiting for wakeword
Waiting for wakeword
Waiting for wakeword
Waiting for wakeword
Initalize PyAudio
----------------------record device list---------------------
Input Device id 0 - MacBook Air Microphone
Input Device id 2 - Virtual Desktop Mic
Input Device id 3 - Virtual Desktop Speakers
-------------------------------------------------------------
Open audio stream on index 0
Initalize WakewordModel
Initalize WhisperModel
Yerp
Wakeword Detected!
cuz why not
Initalize PyAudio
----------------------record device list---------------------
Input Device id 0 - MacBook Air Microphone
Input Device id 2 - Virtual Desktop Mic
Input Device id 3 - Virtual Desktop Speakers
-------------------------------------------------------------
Open audio stream on index 0
Initalize WakewordModel
Initalize WhisperModel
Yerp
Wakeword Detected!
cuz why not
Initalize PyAudio
----------------------record device list---------------------
Input Device id 0 - MacBook Air Microphone
Input Device id 2 - Virtual Desktop Mic
Input Device id 3 - Virtual Desktop Speakers
-------------------------------------------------------------
Open audio stream on index 0
Initalize WakewordModel
Initalize WhisperModel
Yerp
Wakeword Detected!
Initalize PyAudio
----------------------record device list---------------------
Input Device id 0 - MacBook Air Microphone
Input Device id 2 - Virtual Desktop Mic
Input Device id 3 - Virtual Desktop Speakers
-------------------------------------------------------------
Open audio stream on index 0
Initalize WakewordModel
Initalize WhisperModel
Yerp
Wakeword Detected!
Wakeword Detected!
Wakeword Detected!
Wakeword Detected!
Wakeword Detected!
Initalize PyAudio
----------------------record device list---------------------
Input Device id 0 - MacBook Air Microphone
Input Device id 2 - Virtual Desktop Mic
Input Device id 3 - Virtual Desktop Speakers
-------------------------------------------------------------
Open audio stream on index 0
Initalize WakewordModel
Initalize WhisperModel
Yerp
Wakeword Detected!
Wakeword Detected!
Wakeword Detected!
Wakeword Detected!
Wakeword Detected!
Wakeword Detected!
Wakeword Detected!
Wakeword Detected!
Wakeword Detected!
Wakeword Detected!
Wakeword Detected!
Wakeword Detected!
Wakeword Detected!
Wakeword Detected!
Wakeword Detected!
Wakeword Detected!
Wakeword Detected!
Wakeword Detected!
Wakeword Detected!
Wakeword Detected!
Wakeword Detected!
Wakeword Detected!
Initalize PyAudio
----------------------record device list---------------------
Input Device id 0 - MacBook Air Microphone
Input Device id 2 - Virtual Desktop Mic
Input Device id 3 - Virtual Desktop Speakers
-------------------------------------------------------------
Open audio stream on index 0
Initalize WakewordModel
Initalize WhisperModel
Yerp
Wakeword Detected!
Wakeword Detected!
